0 info it worked if it ends with ok
1 verbose cli [ '/usr/bin/nodejs', '/usr/bin/npm', 'run', 'build' ]
2 info using npm@3.10.10
3 info using node@v6.11.0
4 verbose run-script [ 'prebuild', 'build', 'postbuild' ]
5 info lifecycle chroma-js@1.3.4~prebuild: chroma-js@1.3.4
6 silly lifecycle chroma-js@1.3.4~prebuild: no script for prebuild, continuing
7 info lifecycle chroma-js@1.3.4~build: chroma-js@1.3.4
8 verbose lifecycle chroma-js@1.3.4~build: unsafe-perm in lifecycle true
9 verbose lifecycle chroma-js@1.3.4~build: PATH: /usr/lib/node_modules/npm/bin/node-gyp-bin:/home/gka/projects/chroma.js/node_modules/.bin:/home/gka/.pyenv/shims:/home/gka/.pyenv/bin:/home/gka/bin:/home/gka/.local/bin:/usr/local/sbin:/usr/local/bin:/usr/sbin:/usr/bin:/sbin:/bin:/usr/games:/usr/local/games
10 verbose lifecycle chroma-js@1.3.4~build: CWD: /home/gka/projects/chroma.js
11 silly lifecycle chroma-js@1.3.4~build: Args: [ '-c', 'rollup -c' ]
12 silly lifecycle chroma-js@1.3.4~build: Returned: code: 1  signal: null
13 info lifecycle chroma-js@1.3.4~build: Failed to exec build script
14 verbose stack Error: chroma-js@1.3.4 build: `rollup -c`
14 verbose stack Exit status 1
14 verbose stack     at EventEmitter.<anonymous> (/usr/lib/node_modules/npm/lib/utils/lifecycle.js:255:16)
14 verbose stack     at emitTwo (events.js:106:13)
14 verbose stack     at EventEmitter.emit (events.js:191:7)
14 verbose stack     at ChildProcess.<anonymous> (/usr/lib/node_modules/npm/lib/utils/spawn.js:40:14)
14 verbose stack     at emitTwo (events.js:106:13)
14 verbose stack     at ChildProcess.emit (events.js:191:7)
14 verbose stack     at maybeClose (internal/child_process.js:891:16)
14 verbose stack     at Process.ChildProcess._handle.onexit (internal/child_process.js:226:5)
15 verbose pkgid chroma-js@1.3.4
16 verbose cwd /home/gka/projects/chroma.js
17 error Linux 4.4.0-81-generic
18 error argv "/usr/bin/nodejs" "/usr/bin/npm" "run" "build"
19 error node v6.11.0
20 error npm  v3.10.10
21 error code ELIFECYCLE
22 error chroma-js@1.3.4 build: `rollup -c`
22 error Exit status 1
23 error Failed at the chroma-js@1.3.4 build script 'rollup -c'.
23 error Make sure you have the latest version of node.js and npm installed.
23 error If you do, this is most likely a problem with the chroma-js package,
23 error not with npm itself.
23 error Tell the author that this fails on your system:
23 error     rollup -c
23 error You can get information on how to open an issue for this project with:
23 error     npm bugs chroma-js
23 error Or if that isn't available, you can get their info via:
23 error     npm owner ls chroma-js
23 error There is likely additional logging output above.
24 verbose exit [ 1, true ]
